
[1;33m*****************************************
[0m[1;33m********** PRINTF - CURQUITEST **********
[0m[1;33m*****************************************
[0m
[1;33m---- BASICS -----------------------------[0m

       test_01             	[32m[OK]
[0m       test_02             	[32m[OK]
[0m

[1;33m---- CONVERSIONS d-i-D ------------------[0m

       basic_01            	[32m[OK]
[0m       basic_02            	[32m[OK]
[0m       basic_03            	[32m[OK]
[0m       basic_04            	[32m[OK]
[0m       basic_05            	[32m[OK]
[0m       basic_06            	[32m[OK]
[0m       basic_07            	[32m[OK]
[0m       basic_08            	[32m[OK]
[0m       flags_01            	[32m[OK]
[0m       flags_02            	[32m[OK]
[0m       flags_03            	[32m[OK]
[0m       flags_04            	[32m[OK]
[0m       flags_05            	[32m[OK]
[0m       modifiers_01        	[32m[OK]
[0m       modifiers_02        	[32m[OK]
[0m       modifiers_03        	[31m[KO]
[0m       modifiers_04        	[32m[OK]
[0m       modifiers_05        	[31m[KO]
[0m       modifiers_06        	[32m[OK]
[0m       modifiers_07        	[32m[OK]
[0m       precision_01        	[32m[OK]
[0m       precision_02        	[32m[OK]
[0m       precision_03        	[32m[OK]
[0m       precision_04        	[32m[OK]
[0m       precision_05        	[32m[OK]
[0m       precision_06        	[32m[OK]
[0m       precision_07        	[32m[OK]
[0m       padding_01          	[32m[OK]
[0m       padding_02          	[32m[OK]
[0m       padding_03          	[32m[OK]
[0m       padding_04          	[32m[OK]
[0m       padding_05          	[32m[OK]
[0m       padding_06          	[32m[OK]
[0m       padding_07          	[32m[OK]
[0m       all_01              	[32m[OK]
[0m       all_02              	[32m[OK]
[0m       all_03              	[32m[OK]
[0m       all_04              	[32m[OK]
[0m       all_05              	[31m[KO]
[0m       all_06              	[31m[KO]
[0m

[1;33m---- CONVERSIONS u-U --------------------[0m

       basic_01            	[32m[OK]
[0m       basic_02            	[32m[OK]
[0m       basic_03            	[32m[OK]
[0m       basic_04            	[32m[OK]
[0m       modifiers_01        	[32m[OK]
[0m       modifiers_02        	[32m[OK]
[0m       modifiers_03        	[32m[OK]
[0m       modifiers_04        	[32m[OK]
[0m       modifiers_05        	[31m[KO]
[0m       modifiers_06        	[31m[KO]
[0m       precision_01        	[32m[OK]
[0m       precision_02        	[32m[OK]
[0m       precision_03        	[32m[OK]
[0m       precision_04        	[32m[OK]
[0m       precision_05        	[32m[OK]
[0m       precision_06        	[32m[OK]
[0m       padding_01          	[32m[OK]
[0m       padding_02          	[32m[OK]
[0m       padding_03          	[32m[OK]
[0m       padding_04          	[32m[OK]
[0m       padding_05          	[32m[OK]
[0m       padding_06          	[32m[OK]
[0m       all_01              	[32m[OK]
[0m       all_02              	[32m[OK]
[0m       all_03              	[32m[OK]
[0m       all_04              	[32m[OK]
[0m

[1;33m---- CONVERSIONS o-O --------------------[0m

       basic_01            	[32m[OK]
[0m       basic_02            	[32m[OK]
[0m       basic_03            	[32m[OK]
[0m       basic_04            	[32m[OK]
[0m       basic_05            	[32m[OK]
[0m       basic_06            	[32m[OK]
[0m       flags_01            	[32m[OK]
[0m       flags_02            	[32m[OK]
[0m       flags_03            	[32m[OK]
[0m       modifiers_01        	[32m[OK]
[0m       modifiers_02        	[32m[OK]
[0m       modifiers_03        	[32m[OK]
[0m       modifiers_04        	[32m[OK]
[0m       modifiers_05        	[31m[KO]
[0m       modifiers_06        	[31m[KO]
[0m       precision_01        	[32m[OK]
[0m       precision_02        	[32m[OK]
[0m       precision_03        	[32m[OK]
[0m       precision_04        	[32m[OK]
[0m       precision_05        	[32m[OK]
[0m       padding_01          	[32m[OK]
[0m       padding_02          	[32m[OK]
[0m       padding_03          	[32m[OK]
[0m       padding_04          	[32m[OK]
[0m       padding_05          	[32m[OK]
[0m       padding_06          	[32m[OK]
[0m       padding_07          	[32m[OK]
[0m       padding_08          	[32m[OK]
[0m       all_01              	[32m[OK]
[0m       all_02              	[32m[OK]
[0m       all_03              	[31m[KO]
[0m       all_04              	[31m[KO]
[0m       all_05              	[31m[KO]
[0m       all_06              	[32m[OK]
[0m

[1;33m---- CONVERSIONS x-X --------------------[0m

       basic_01            	[32m[OK]
[0m       basic_02            	[32m[OK]
[0m       basic_03            	[32m[OK]
[0m       basic_04            	[32m[OK]
[0m       basic_05            	[32m[OK]
[0m       flags_01            	[32m[OK]
[0m       flags_02            	[32m[OK]
[0m       flags_03            	[32m[OK]
[0m       modifiers_01        	[32m[OK]
[0m       modifiers_02        	[32m[OK]
[0m       modifiers_03        	[32m[OK]
[0m       modifiers_04        	[32m[OK]
[0m       modifiers_05        	[32m[OK]
[0m       modifiers_06        	[31m[KO]
[0m       modifiers_07        	[31m[KO]
[0m       precision_01        	[32m[OK]
[0m       precision_02        	[32m[OK]
[0m       precision_03        	[32m[OK]
[0m       precision_04        	[32m[OK]
[0m       precision_05        	[32m[OK]
[0m       precision_06        	[32m[OK]
[0m       precision_07        	[32m[OK]
[0m       precision_08        	[32m[OK]
[0m       padding_01          	[32m[OK]
[0m       padding_02          	[32m[OK]
[0m       padding_03          	[32m[OK]
[0m       padding_04          	[32m[OK]
[0m       padding_05          	[32m[OK]
[0m       padding_06          	[32m[OK]
[0m       padding_07          	[32m[OK]
[0m       all_01              	[32m[OK]
[0m       all_02              	[32m[OK]
[0m       all_03              	[32m[OK]
[0m       all_04              	[31m[KO]
[0m       all_05              	[31m[KO]
[0m       all_06              	[32m[OK]
[0m       all_07              	[32m[OK]
[0m       all_08              	[31m[KO]
[0m       all_09              	[31m[KO]
[0m

[1;33m---- CONVERSION c -----------------------[0m

       basic_01            	[32m[OK]
[0m       basic_02            	[32m[OK]
[0m       basic_03            	[32m[OK]
[0m       basic_04            	[32m[OK]
[0m       padding_01          	[32m[OK]
[0m       padding_02          	[32m[OK]
[0m       padding_03          	[32m[OK]
[0m       all_01              	[31m[KO]
[0m

[1;33m---- CONVERSION C -----------------------[0m

       basic_01            	[32m[OK]
[0m       basic_02            	[32m[OK]
[0m       basic_03            	[32m[OK]
[0m       basic_04            	[32m[OK]
[0m       basic_05            	[31m[KO]
[0m       basic_06            	[32m[OK]
[0m       basic_07            	[31m[KO]
[0m       basic_08            	[31m[KO]
[0m       basic_09            	[31m[KO]
[0m       basic_10            	[31m[KO]
[0m       basic_11            	[31m[KO]
[0m       basic_12            	[31m[KO]
[0m       basic_13            	[32m[OK]
[0m       basic_14            	[31m[KO]
[0m       basic_15            	[31m[KO]
[0m       padding_01          	[31m[KO]
[0m       padding_02          	[31m[KO]
[0m       padding_03          	[32m[OK]
[0m       all_01              	[31m[KO]
[0m       all_02              	[31m[KO]
[0m       all_03              	[31m[KO]
[0m       all_04              	[31m[KO]
[0m

[1;33m---- CONVERSION s -----------------------[0m

       basic_01            	[31m[KO]
[0m       basic_02            	[32m[OK]
[0m       basic_03            	[32m[OK]
[0m       precision_01        	[32m[OK]
[0m       precision_02        	[32m[OK]
[0m       precision_03        	[32m[OK]
[0m       precision_04        	[32m[OK]
[0m       precision_05        	[31m[KO]
[0m       padding_01          	[31m[KO]
[0m       padding_02          	[32m[OK]
[0m       padding_03          	[32m[OK]
[0m       padding_04          	[32m[OK]
[0m       all_01              	[31m[KO]
[0m       all_02              	[31m[KO]
[0m       all_03              	[32m[OK]
[0m

[1;33m---- CONVERSION S -----------------------[0m

       basic_01            	[32m[OK]
[0m       basic_02            	[31m[KO]
[0m       basic_03            	[31m[KO]
[0m       basic_04            	[31m[KO]
[0m       basic_05            	[31m[KO]
[0m       basic_06            	[31m[KO]
[0m       precision_01        	[32m[OK]
[0m       precision_02        	[31m[KO]
[0m       precision_03        	[31m[KO]
[0m       precision_04        	[32m[OK]
[0m       precision_05        	[32m[OK]
[0m       precision_06        	[31m[KO]
[0m       precision_07        	[31m[KO]
[0m       precision_08        	[32m[OK]
[0m       precision_09        	[31m[KO]
[0m       padding_01          	[31m[KO]
[0m       padding_02          	[31m[KO]
[0m       padding_03          	[31m[KO]
[0m       padding_04          	[31m[KO]
[0m       padding_05          	[31m[KO]
[0m       all_01              	[31m[KO]
[0m       all_02              	[31m[KO]
[0m       all_03              	[31m[KO]
[0m

[1;33m---- CONVERSION p -----------------------[0m

       basic_01            	[32m[OK]
[0m       basic_02            	[32m[OK]
[0m       basic_03            	[32m[OK]
[0m       padding_01          	[32m[OK]
[0m       padding_02          	[32m[OK]
[0m       padding_03          	[32m[OK]
[0m       all_01              	[32m[OK]
[0m

[1;33m---- PERCENT ----------------------------[0m

       basic_01            	[32m[OK]
[0m       flags_01            	[31m[KO]
[0m       flags_02            	[31m[KO]
[0m       flags_03            	[31m[KO]
[0m       precision_01        	[31m[KO]
[0m       precision_02        	[31m[KO]
[0m       precision_03        	[31m[KO]
[0m       precision_04        	[31m[KO]
[0m       padding_01          	[31m[KO]
[0m       padding_02          	[31m[KO]
[0m       padding_03          	[31m[KO]
[0m       all_01              	[31m[KO]
[0m

[1;33m---- ALL MIXED --------------------------[0m

       test_01             	[31m[KO]
[0m       test_02             	[32m[OK]
[0m       test_03             	[31m[KO]
[0m       test_04             	[31m[KO]
[0m       test_05             	[31m[KO]
[0m

[1;33m*****************************************
[0m[1;33m**************** SUMMARY ****************
[0m[1;33m*****************************************
[0m
[32m       [0m[32mBasic tests[0m          [32m2[0m[32m/[0m[32m2[0m
[31m       [0m[31mConv d-i-D[0m           [31m36[0m[31m/[0m[31m40[0m
[31m       [0m[31mConv u-U[0m             [31m24[0m[31m/[0m[31m26[0m
[31m       [0m[31mConv o-O[0m             [31m29[0m[31m/[0m[31m34[0m
[31m       [0m[31mConv x-X[0m             [31m33[0m[31m/[0m[31m39[0m
[31m       [0m[31mConv c[0m               [31m7[0m[31m/[0m[31m8[0m
[31m       [0m[31mConv C[0m               [31m7[0m[31m/[0m[31m22[0m
[31m       [0m[31mConv s[0m               [31m10[0m[31m/[0m[31m15[0m
[31m       [0m[31mConv S[0m               [31m5[0m[31m/[0m[31m23[0m
[32m       [0m[32mConv p[0m               [32m7[0m[32m/[0m[32m7[0m
[31m       [0m[31mPercent[0m              [31m1[0m[31m/[0m[31m12[0m
[31m       [0m[31mMixed tests[0m          [31m1[0m[31m/[0m[31m5[0m
       [1;33m----------------------------
[0m[31m       [0m[31mTOTAL[0m                [31m162[0m[31m/[0m[31m233[0m
       [1;33m----------------------------
[0m
 To get all green tests doesn't mean your ft_printf is good.
 To get some red tests doesn't mean your ft_printf isn't good.

 Good luck. ¯\_(ツ)_/¯
